<?xml version="1.0" encoding="UTF-8"?>
<!-- Generated by org.testng.reporters.JUnitXMLReporter -->
<testsuite ignored="1" hostname="DESKTOP-5T03LQ5" failures="0" tests="1" name="Default test" time="42.973" errors="0" timestamp="2023-11-26T14:20:00 IST">
  <testcase classname="com.XYZ.homepagetest.BankManagerLoginTest" name="addACustomer" time="17.608"/>
  <testcase classname="com.XYZ.homepagetest.BankManagerLoginTest" name="searchCustomer" time="0.0">
    <ignored/>
  </testcase> <!-- searchCustomer -->
</testsuite> <!-- Default test -->
